<?xml version="1.0" encoding="UTF-8"?>
<!-- Generated by org.testng.reporters.JUnitReportReporter -->
<testsuite skipped="0" hostname="LAPTOP-379A2RE2" name="com.perfecto.sampleproject.PerfectoSelenium" tests="1" failures="0" timestamp="2022-02-18T00:40:30 IST" time="80.951" errors="0">
  <testcase name="invokebrowser" time="80.951" classname="com.perfecto.sampleproject.PerfectoSelenium"/>
  <system-out/>
</testsuite> <!-- com.perfecto.sampleproject.PerfectoSelenium -->
