<?xml version="1.0" encoding="UTF-8"?>
<!-- Generated by org.testng.reporters.JUnitReportReporter -->
<testsuite hostname="LAPTOP-379A2RE2" failures="0" tests="1" name="com.perfecto.sampleproject.LocalSelenium" time="5.388" errors="0" timestamp="2022-01-12T15:57:18 IST" skipped="0">
  <testcase classname="com.perfecto.sampleproject.LocalSelenium" name="localTest" time="5.388"/>
  <system-out/>
</testsuite> <!-- com.perfecto.sampleproject.LocalSelenium -->
