<?xml version="1.0" encoding="UTF-8"?>
<!-- Generated by org.testng.reporters.JUnitReportReporter -->
<testsuite hostname="LAPTOP-379A2RE2" failures="0" tests="40" name="main.java.utility.invokeapp" time="437.835" errors="1" timestamp="2021-09-07T20:22:44 IST" skipped="0">
  <testcase classname="main.java.utility.invokeapp" name="TestCase" time="0.089"/>
  <system-out/>
  <testcase classname="main.java.utility.invokeapp" name="TestCase" time="0.558"/>
  <system-out/>
  <testcase classname="main.java.utility.invokeapp" name="TestCase" time="0.099"/>
  <system-out/>
  <testcase classname="main.java.utility.invokeapp" name="TestCase" time="0.126"/>
  <system-out/>
  <testcase classname="main.java.utility.invokeapp" name="TestCase" time="0.085"/>
  <system-out/>
  <testcase classname="main.java.utility.invokeapp" name="TestCase" time="40.527"/>
  <system-out/>
  <testcase classname="main.java.utility.invokeapp" name="TestCase" time="0.065"/>
  <system-out/>
  <testcase classname="main.java.utility.invokeapp" name="TestCase" time="0.107"/>
  <system-out/>
  <testcase classname="main.java.utility.invokeapp" name="TestCase" time="393.508">
    <error message="FAILED" type="java.lang.RuntimeException">
      <![CDATA[java.lang.RuntimeException: FAILED
at main.java.utility.Reporter.reportStep(Reporter.java:80)
at main.java.utility.Reporter.reportStep(Reporter.java:91)
at main.java.commonComponents.Commoncomponents.clickByXpath(Commoncomponents.java:331)
at main.java.pagesobject.Search_Inventory.vehicleResult(Search_Inventory.java:151)
at main.java.testcase.Testcase.getsetData(Testcase.java:50)
at main.java.utility.invokeapp.TestCase(invokeapp.java:25)
at java.base/jdk.internal.reflect.NativeMethodAccessorImpl.invoke0(Native Method)
at java.base/jdk.internal.reflect.NativeMethodAccessorImpl.invoke(NativeMethodAccessorImpl.java:64)
at java.base/jdk.internal.reflect.DelegatingMethodAccessorImpl.invoke(DelegatingMethodAccessorImpl.java:43)
at java.base/java.lang.reflect.Method.invoke(Method.java:564)
at org.testng.internal.MethodInvocationHelper.invokeMethod(MethodInvocationHelper.java:132)
at org.testng.internal.TestInvoker.invokeMethod(TestInvoker.java:599)
at org.testng.internal.TestInvoker.invokeTestMethod(TestInvoker.java:174)
at org.testng.internal.MethodRunner.runInSequence(MethodRunner.java:46)
at org.testng.internal.TestInvoker$MethodInvocationAgent.invoke(TestInvoker.java:822)
at org.testng.internal.TestInvoker.invokeTestMethods(TestInvoker.java:147)
at org.testng.internal.TestMethodWorker.invokeTestMethods(TestMethodWorker.java:146)
at org.testng.internal.TestMethodWorker.run(TestMethodWorker.java:128)
at java.base/java.util.ArrayList.forEach(ArrayList.java:1511)
at org.testng.TestRunner.privateRun(TestRunner.java:764)
at org.testng.TestRunner.run(TestRunner.java:585)
at org.testng.SuiteRunner.runTest(SuiteRunner.java:384)
at org.testng.SuiteRunner.runSequentially(SuiteRunner.java:378)
at org.testng.SuiteRunner.privateRun(SuiteRunner.java:337)
at org.testng.SuiteRunner.run(SuiteRunner.java:286)
at org.testng.SuiteRunnerWorker.runSuite(SuiteRunnerWorker.java:53)
at org.testng.SuiteRunnerWorker.run(SuiteRunnerWorker.java:96)
at org.testng.TestNG.runSuitesSequentially(TestNG.java:1218)
at org.testng.TestNG.runSuitesLocally(TestNG.java:1140)
at org.testng.TestNG.runSuites(TestNG.java:1069)
at org.testng.TestNG.run(TestNG.java:1037)
at org.testng.remote.AbstractRemoteTestNG.run(AbstractRemoteTestNG.java:115)
at org.testng.remote.RemoteTestNG.initAndRun(RemoteTestNG.java:251)
at org.testng.remote.RemoteTestNG.main(RemoteTestNG.java:77)
]]>
    </error>
  </testcase> <!-- TestCase -->
  <system-out/>
  <testcase classname="main.java.utility.invokeapp" name="TestCase" time="0.077"/>
  <system-out/>
  <testcase classname="main.java.utility.invokeapp" name="TestCase" time="0.065"/>
  <system-out/>
  <testcase classname="main.java.utility.invokeapp" name="TestCase" time="0.075"/>
  <system-out/>
  <testcase classname="main.java.utility.invokeapp" name="TestCase" time="0.065"/>
  <system-out/>
  <testcase classname="main.java.utility.invokeapp" name="TestCase" time="0.163"/>
  <system-out/>
  <testcase classname="main.java.utility.invokeapp" name="TestCase" time="0.081"/>
  <system-out/>
  <testcase classname="main.java.utility.invokeapp" name="TestCase" time="0.077"/>
  <system-out/>
  <testcase classname="main.java.utility.invokeapp" name="TestCase" time="0.091"/>
  <system-out/>
  <testcase classname="main.java.utility.invokeapp" name="TestCase" time="0.055"/>
  <system-out/>
  <testcase classname="main.java.utility.invokeapp" name="TestCase" time="0.073"/>
  <system-out/>
  <testcase classname="main.java.utility.invokeapp" name="TestCase" time="0.073"/>
  <system-out/>
  <testcase classname="main.java.utility.invokeapp" name="TestCase" time="0.070"/>
  <system-out/>
  <testcase classname="main.java.utility.invokeapp" name="TestCase" time="0.077"/>
  <system-out/>
  <testcase classname="main.java.utility.invokeapp" name="TestCase" time="0.078"/>
  <system-out/>
  <testcase classname="main.java.utility.invokeapp" name="TestCase" time="0.102"/>
  <system-out/>
  <testcase classname="main.java.utility.invokeapp" name="TestCase" time="0.092"/>
  <system-out/>
  <testcase classname="main.java.utility.invokeapp" name="TestCase" time="0.050"/>
  <system-out/>
  <testcase classname="main.java.utility.invokeapp" name="TestCase" time="0.135"/>
  <system-out/>
  <testcase classname="main.java.utility.invokeapp" name="TestCase" time="0.112"/>
  <system-out/>
  <testcase classname="main.java.utility.invokeapp" name="TestCase" time="0.076"/>
  <system-out/>
  <testcase classname="main.java.utility.invokeapp" name="TestCase" time="0.075"/>
  <system-out/>
  <testcase classname="main.java.utility.invokeapp" name="TestCase" time="0.088"/>
  <system-out/>
  <testcase classname="main.java.utility.invokeapp" name="TestCase" time="0.087"/>
  <system-out/>
  <testcase classname="main.java.utility.invokeapp" name="TestCase" time="0.085"/>
  <system-out/>
  <testcase classname="main.java.utility.invokeapp" name="TestCase" time="0.073"/>
  <system-out/>
  <testcase classname="main.java.utility.invokeapp" name="TestCase" time="0.099"/>
  <system-out/>
  <testcase classname="main.java.utility.invokeapp" name="TestCase" time="0.086"/>
  <system-out/>
  <testcase classname="main.java.utility.invokeapp" name="TestCase" time="0.070"/>
  <system-out/>
  <testcase classname="main.java.utility.invokeapp" name="TestCase" time="0.082"/>
  <system-out/>
  <testcase classname="main.java.utility.invokeapp" name="TestCase" time="0.145"/>
  <system-out/>
  <testcase classname="main.java.utility.invokeapp" name="TestCase" time="0.094"/>
  <system-out/>
</testsuite> <!-- main.java.utility.invokeapp -->
