<?xml version="1.0" encoding="UTF-8"?>
<!-- Generated by org.testng.reporters.JUnitReportReporter -->
<testsuite skipped="0" hostname="LAPTOP-379A2RE2" name="main.java.utility.invokeapp" tests="41" failures="0" timestamp="2022-02-17T21:41:26 IST" time="180.722" errors="2">
  <testcase name="TestCase" time="0.058" classname="main.java.utility.invokeapp"/>
  <system-out/>
  <testcase name="TestCase" time="0.094" classname="main.java.utility.invokeapp"/>
  <system-out/>
  <testcase name="TestCase" time="0.061" classname="main.java.utility.invokeapp"/>
  <system-out/>
  <testcase name="TestCase" time="0.081" classname="main.java.utility.invokeapp"/>
  <system-out/>
  <testcase name="TestCase" time="0.127" classname="main.java.utility.invokeapp"/>
  <system-out/>
  <testcase name="TestCase" time="0.066" classname="main.java.utility.invokeapp"/>
  <system-out/>
  <testcase name="TestCase" time="99.524" classname="main.java.utility.invokeapp">
    <error type="java.lang.RuntimeException" message="FAILED">
      <![CDATA[java.lang.RuntimeException: FAILED
at main.java.utility.Reporter.reportStep(Reporter.java:85)
at main.java.utility.Reporter.reportStep(Reporter.java:96)
at main.java.commonComponents.Commoncomponents.clickByXpath(Commoncomponents.java:334)
at main.java.pagesobject.Search_Inventory.vehicleModel(Search_Inventory.java:99)
at main.java.testcase.Testcase.getsetData(Testcase.java:44)
at main.java.utility.invokeapp.TestCase(invokeapp.java:25)
at sun.reflect.NativeMethodAccessorImpl.invoke0(Native Method)
at sun.reflect.NativeMethodAccessorImpl.invoke(NativeMethodAccessorImpl.java:62)
at sun.reflect.DelegatingMethodAccessorImpl.invoke(DelegatingMethodAccessorImpl.java:43)
at java.lang.reflect.Method.invoke(Method.java:498)
at org.testng.internal.MethodInvocationHelper.invokeMethod(MethodInvocationHelper.java:133)
at org.testng.internal.TestInvoker.invokeMethod(TestInvoker.java:598)
at org.testng.internal.TestInvoker.invokeTestMethod(TestInvoker.java:173)
at org.testng.internal.MethodRunner.runInSequence(MethodRunner.java:46)
at org.testng.internal.TestInvoker$MethodInvocationAgent.invoke(TestInvoker.java:824)
at org.testng.internal.TestInvoker.invokeTestMethods(TestInvoker.java:146)
at org.testng.internal.TestMethodWorker.invokeTestMethods(TestMethodWorker.java:146)
at org.testng.internal.TestMethodWorker.run(TestMethodWorker.java:128)
at java.util.ArrayList.forEach(ArrayList.java:1259)
at org.testng.TestRunner.privateRun(TestRunner.java:794)
at org.testng.TestRunner.run(TestRunner.java:596)
at org.testng.SuiteRunner.runTest(SuiteRunner.java:377)
at org.testng.SuiteRunner.runSequentially(SuiteRunner.java:371)
at org.testng.SuiteRunner.privateRun(SuiteRunner.java:332)
at org.testng.SuiteRunner.run(SuiteRunner.java:276)
at org.testng.SuiteRunnerWorker.runSuite(SuiteRunnerWorker.java:53)
at org.testng.SuiteRunnerWorker.run(SuiteRunnerWorker.java:96)
at org.testng.TestNG.runSuitesSequentially(TestNG.java:1212)
at org.testng.TestNG.runSuitesLocally(TestNG.java:1134)
at org.testng.TestNG.runSuites(TestNG.java:1063)
at org.testng.TestNG.run(TestNG.java:1031)
at org.testng.remote.AbstractRemoteTestNG.run(AbstractRemoteTestNG.java:115)
at org.testng.remote.RemoteTestNG.initAndRun(RemoteTestNG.java:251)
at org.testng.remote.RemoteTestNG.main(RemoteTestNG.java:77)
]]>
    </error>
  </testcase> <!-- TestCase -->
  <system-out/>
  <testcase name="TestCase" time="0.092" classname="main.java.utility.invokeapp"/>
  <system-out/>
  <testcase name="TestCase" time="0.092" classname="main.java.utility.invokeapp"/>
  <system-out/>
  <testcase name="TestCase" time="0.222" classname="main.java.utility.invokeapp"/>
  <system-out/>
  <testcase name="TestCase" time="0.094" classname="main.java.utility.invokeapp"/>
  <system-out/>
  <testcase name="TestCase" time="0.077" classname="main.java.utility.invokeapp"/>
  <system-out/>
  <testcase name="TestCase" time="0.106" classname="main.java.utility.invokeapp"/>
  <system-out/>
  <testcase name="TestCase" time="0.098" classname="main.java.utility.invokeapp"/>
  <system-out/>
  <testcase name="afterSuite" time="0.124" classname="main.java.utility.invokeapp">
    <error type="org.openqa.selenium.NoSuchSessionException" message="Session ID is null. Using WebDriver after calling quit()?
Build info: version: &#039;3.141.59&#039;, revision: &#039;e82be7d358&#039;, time: &#039;2018-11-14T08:17:03&#039;
System info: host: &#039;LAPTOP-379A2RE2&#039;, ip: &#039;192.168.31.76&#039;, os.name: &#039;Windows 10&#039;, os.arch: &#039;amd64&#039;, os.version: &#039;10.0&#039;, java.version: &#039;1.8.0_291&#039;
Driver info: driver.version: RemoteWebDriver">
      <![CDATA[org.openqa.selenium.NoSuchSessionException: Session ID is null. Using WebDriver after calling quit()?
Build info: version: '3.141.59', revision: 'e82be7d358', time: '2018-11-14T08:17:03'
System info: host: 'LAPTOP-379A2RE2', ip: '192.168.31.76', os.name: 'Windows 10', os.arch: 'amd64', os.version: '10.0', java.version: '1.8.0_291'
Driver info: driver.version: RemoteWebDriver
at org.openqa.selenium.remote.HttpCommandExecutor.execute(HttpCommandExecutor.java:125)
at io.appium.java_client.remote.AppiumCommandExecutor.execute(AppiumCommandExecutor.java:247)
at org.openqa.selenium.remote.RemoteWebDriver.execute(RemoteWebDriver.java:552)
at io.appium.java_client.DefaultGenericMobileDriver.execute(DefaultGenericMobileDriver.java:41)
at io.appium.java_client.AppiumDriver.execute(AppiumDriver.java:1)
at org.openqa.selenium.remote.RemoteWebDriver.get(RemoteWebDriver.java:277)
at main.java.utility.UpdateFinalResult.updateresult(UpdateFinalResult.java:204)
at main.java.utility.Projectcommonmethodes.afterSuite(Projectcommonmethodes.java:82)
at sun.reflect.NativeMethodAccessorImpl.invoke0(Native Method)
at sun.reflect.NativeMethodAccessorImpl.invoke(NativeMethodAccessorImpl.java:62)
at sun.reflect.DelegatingMethodAccessorImpl.invoke(DelegatingMethodAccessorImpl.java:43)
at java.lang.reflect.Method.invoke(Method.java:498)
at org.testng.internal.MethodInvocationHelper.invokeMethod(MethodInvocationHelper.java:133)
at org.testng.internal.MethodInvocationHelper.invokeMethodConsideringTimeout(MethodInvocationHelper.java:62)
at org.testng.internal.ConfigInvoker.invokeConfigurationMethod(ConfigInvoker.java:385)
at org.testng.internal.ConfigInvoker.invokeConfigurations(ConfigInvoker.java:321)
at org.testng.SuiteRunner.privateRun(SuiteRunner.java:344)
at org.testng.SuiteRunner.run(SuiteRunner.java:276)
at org.testng.SuiteRunnerWorker.runSuite(SuiteRunnerWorker.java:53)
at org.testng.SuiteRunnerWorker.run(SuiteRunnerWorker.java:96)
at org.testng.TestNG.runSuitesSequentially(TestNG.java:1212)
at org.testng.TestNG.runSuitesLocally(TestNG.java:1134)
at org.testng.TestNG.runSuites(TestNG.java:1063)
at org.testng.TestNG.run(TestNG.java:1031)
at org.testng.remote.AbstractRemoteTestNG.run(AbstractRemoteTestNG.java:115)
at org.testng.remote.RemoteTestNG.initAndRun(RemoteTestNG.java:251)
at org.testng.remote.RemoteTestNG.main(RemoteTestNG.java:77)
]]>
    </error>
  </testcase> <!-- afterSuite -->
  <system-out/>
  <testcase name="TestCase" time="0.126" classname="main.java.utility.invokeapp"/>
  <system-out/>
  <testcase name="TestCase" time="0.078" classname="main.java.utility.invokeapp"/>
  <system-out/>
  <testcase name="TestCase" time="0.075" classname="main.java.utility.invokeapp"/>
  <system-out/>
  <testcase name="TestCase" time="0.258" classname="main.java.utility.invokeapp"/>
  <system-out/>
  <testcase name="TestCase" time="0.066" classname="main.java.utility.invokeapp"/>
  <system-out/>
  <testcase name="TestCase" time="0.125" classname="main.java.utility.invokeapp"/>
  <system-out/>
  <testcase name="TestCase" time="75.778" classname="main.java.utility.invokeapp"/>
  <system-out/>
  <testcase name="TestCase" time="0.067" classname="main.java.utility.invokeapp"/>
  <system-out/>
  <testcase name="TestCase" time="0.085" classname="main.java.utility.invokeapp"/>
  <system-out/>
  <testcase name="TestCase" time="0.099" classname="main.java.utility.invokeapp"/>
  <system-out/>
  <testcase name="TestCase" time="0.081" classname="main.java.utility.invokeapp"/>
  <system-out/>
  <testcase name="TestCase" time="0.080" classname="main.java.utility.invokeapp"/>
  <system-out/>
  <testcase name="TestCase" time="0.083" classname="main.java.utility.invokeapp"/>
  <system-out/>
  <testcase name="TestCase" time="0.125" classname="main.java.utility.invokeapp"/>
  <system-out/>
  <testcase name="TestCase" time="0.063" classname="main.java.utility.invokeapp"/>
  <system-out/>
  <testcase name="TestCase" time="0.681" classname="main.java.utility.invokeapp"/>
  <system-out/>
  <testcase name="TestCase" time="0.080" classname="main.java.utility.invokeapp"/>
  <system-out/>
  <testcase name="TestCase" time="0.070" classname="main.java.utility.invokeapp"/>
  <system-out/>
  <testcase name="TestCase" time="0.072" classname="main.java.utility.invokeapp"/>
  <system-out/>
  <testcase name="TestCase" time="1.300" classname="main.java.utility.invokeapp"/>
  <system-out/>
  <testcase name="TestCase" time="0.090" classname="main.java.utility.invokeapp"/>
  <system-out/>
  <testcase name="TestCase" time="0.079" classname="main.java.utility.invokeapp"/>
  <system-out/>
  <testcase name="TestCase" time="0.079" classname="main.java.utility.invokeapp"/>
  <system-out/>
  <testcase name="TestCase" time="0.083" classname="main.java.utility.invokeapp"/>
  <system-out/>
  <testcase name="TestCase" time="0.082" classname="main.java.utility.invokeapp"/>
  <system-out/>
  <testcase name="TestCase" time="0.001" classname="main.java.utility.invokeapp"/>
  <system-out/>
</testsuite> <!-- main.java.utility.invokeapp -->
