<?xml version="1.0" encoding="UTF-8"?>
<!-- Generated by org.testng.reporters.JUnitReportReporter -->
<testsuite hostname="LAPTOP-379A2RE2" failures="0" tests="40" name="main.java.utility.invokeapp" time="399.273" errors="0" timestamp="2021-07-12T15:33:12 IST" skipped="0">
  <testcase classname="main.java.utility.invokeapp" name="TestCase" time="0.045"/>
  <system-out/>
  <testcase classname="main.java.utility.invokeapp" name="TestCase" time="0.042"/>
  <system-out/>
  <testcase classname="main.java.utility.invokeapp" name="TestCase" time="0.053"/>
  <system-out/>
  <testcase classname="main.java.utility.invokeapp" name="TestCase" time="0.055"/>
  <system-out/>
  <testcase classname="main.java.utility.invokeapp" name="TestCase" time="0.053"/>
  <system-out/>
  <testcase classname="main.java.utility.invokeapp" name="TestCase" time="0.048"/>
  <system-out/>
  <testcase classname="main.java.utility.invokeapp" name="TestCase" time="0.043"/>
  <system-out/>
  <testcase classname="main.java.utility.invokeapp" name="TestCase" time="0.042"/>
  <system-out/>
  <testcase classname="main.java.utility.invokeapp" name="TestCase" time="0.047"/>
  <system-out/>
  <testcase classname="main.java.utility.invokeapp" name="TestCase" time="0.037"/>
  <system-out/>
  <testcase classname="main.java.utility.invokeapp" name="TestCase" time="0.042"/>
  <system-out/>
  <testcase classname="main.java.utility.invokeapp" name="TestCase" time="0.066"/>
  <system-out/>
  <testcase classname="main.java.utility.invokeapp" name="TestCase" time="368.438"/>
  <system-out/>
  <testcase classname="main.java.utility.invokeapp" name="TestCase" time="0.057"/>
  <system-out/>
  <testcase classname="main.java.utility.invokeapp" name="TestCase" time="0.048"/>
  <system-out/>
  <testcase classname="main.java.utility.invokeapp" name="TestCase" time="0.047"/>
  <system-out/>
  <testcase classname="main.java.utility.invokeapp" name="TestCase" time="0.036"/>
  <system-out/>
  <testcase classname="main.java.utility.invokeapp" name="TestCase" time="29.028"/>
  <system-out/>
  <testcase classname="main.java.utility.invokeapp" name="TestCase" time="0.053"/>
  <system-out/>
  <testcase classname="main.java.utility.invokeapp" name="TestCase" time="0.037"/>
  <system-out/>
  <testcase classname="main.java.utility.invokeapp" name="TestCase" time="0.048"/>
  <system-out/>
  <testcase classname="main.java.utility.invokeapp" name="TestCase" time="0.050"/>
  <system-out/>
  <testcase classname="main.java.utility.invokeapp" name="TestCase" time="0.052"/>
  <system-out/>
  <testcase classname="main.java.utility.invokeapp" name="TestCase" time="0.050"/>
  <system-out/>
  <testcase classname="main.java.utility.invokeapp" name="TestCase" time="0.045"/>
  <system-out/>
  <testcase classname="main.java.utility.invokeapp" name="TestCase" time="0.048"/>
  <system-out/>
  <testcase classname="main.java.utility.invokeapp" name="TestCase" time="0.072"/>
  <system-out/>
  <testcase classname="main.java.utility.invokeapp" name="TestCase" time="0.035"/>
  <system-out/>
  <testcase classname="main.java.utility.invokeapp" name="TestCase" time="0.057"/>
  <system-out/>
  <testcase classname="main.java.utility.invokeapp" name="TestCase" time="0.061"/>
  <system-out/>
  <testcase classname="main.java.utility.invokeapp" name="TestCase" time="0.043"/>
  <system-out/>
  <testcase classname="main.java.utility.invokeapp" name="TestCase" time="0.037"/>
  <system-out/>
  <testcase classname="main.java.utility.invokeapp" name="TestCase" time="0.052"/>
  <system-out/>
  <testcase classname="main.java.utility.invokeapp" name="TestCase" time="0.039"/>
  <system-out/>
  <testcase classname="main.java.utility.invokeapp" name="TestCase" time="0.048"/>
  <system-out/>
  <testcase classname="main.java.utility.invokeapp" name="TestCase" time="0.040"/>
  <system-out/>
  <testcase classname="main.java.utility.invokeapp" name="TestCase" time="0.050"/>
  <system-out/>
  <testcase classname="main.java.utility.invokeapp" name="TestCase" time="0.044"/>
  <system-out/>
  <testcase classname="main.java.utility.invokeapp" name="TestCase" time="0.036"/>
  <system-out/>
  <testcase classname="main.java.utility.invokeapp" name="TestCase" time="0.049"/>
  <system-out/>
</testsuite> <!-- main.java.utility.invokeapp -->
